<?xml version="1.0" encoding="UTF-8"?>
<coverage generated="1745765840162" clover="3.2.0">
  <project timestamp="1745765840162" name="All files">
    <metrics statements="118" coveredstatements="116" conditionals="20" coveredconditionals="20" methods="59" coveredmethods="56" elements="197" coveredelements="192" complexity="0" loc="118" ncloc="118" packages="7" files="12" classes="12"/>
    <package name="command">
      <metrics statements="17" coveredstatements="17" conditionals="6" coveredconditionals="6" methods="5" coveredmethods="5"/>
      <file name="BaseCommand.ts" path="C:\Users\yuliia.sydorovych\OneDrive - Sigma Software LLC\Desktop\Yuliia\Education\Projects\patterns\patterns\src\command\BaseCommand.ts">
        <metrics statements="3" coveredstatements="3" conditionals="0" coveredconditionals="0" methods="1" coveredmethods="1"/>
        <line num="5" count="2" type="stmt"/>
        <line num="12" count="6" type="stmt"/>
        <line num="13" count="6" type="stmt"/>
      </file>
      <file name="CommandManager.ts" path="C:\Users\yuliia.sydorovych\OneDrive - Sigma Software LLC\Desktop\Yuliia\Education\Projects\patterns\patterns\src\command\CommandManager.ts">
        <metrics statements="14" coveredstatements="14" conditionals="6" coveredconditionals="6" methods="4" coveredmethods="4"/>
        <line num="3" count="1" type="stmt"/>
        <line num="5" count="3" type="stmt"/>
        <line num="6" count="3" type="stmt"/>
        <line num="10" count="3" type="stmt"/>
        <line num="12" count="3" type="stmt"/>
        <line num="14" count="3" type="stmt"/>
        <line num="19" count="2" type="stmt"/>
        <line num="21" count="2" type="cond" truecount="3" falsecount="0"/>
        <line num="23" count="2" type="stmt"/>
        <line num="25" count="2" type="stmt"/>
        <line num="31" count="1" type="stmt"/>
        <line num="33" count="1" type="cond" truecount="3" falsecount="0"/>
        <line num="35" count="1" type="stmt"/>
        <line num="37" count="1" type="stmt"/>
      </file>
    </package>
    <package name="command.bet">
      <metrics statements="14" coveredstatements="14" conditionals="2" coveredconditionals="2" methods="8" coveredmethods="8"/>
      <file name="BetCommand.ts" path="C:\Users\yuliia.sydorovych\OneDrive - Sigma Software LLC\Desktop\Yuliia\Education\Projects\patterns\patterns\src\command\bet\BetCommand.ts">
        <metrics statements="9" coveredstatements="9" conditionals="2" coveredconditionals="2" methods="4" coveredmethods="4"/>
        <line num="1" count="1" type="stmt"/>
        <line num="3" count="1" type="stmt"/>
        <line num="5" count="4" type="stmt"/>
        <line num="9" count="3" type="stmt"/>
        <line num="11" count="3" type="cond" truecount="2" falsecount="0"/>
        <line num="12" count="3" type="stmt"/>
        <line num="17" count="1" type="stmt"/>
        <line num="18" count="1" type="stmt"/>
        <line num="23" count="1" type="stmt"/>
      </file>
      <file name="BetManager.ts" path="C:\Users\yuliia.sydorovych\OneDrive - Sigma Software LLC\Desktop\Yuliia\Education\Projects\patterns\patterns\src\command\bet\BetManager.ts">
        <metrics statements="5" coveredstatements="5" conditionals="0" coveredconditionals="0" methods="4" coveredmethods="4"/>
        <line num="3" count="1" type="stmt"/>
        <line num="9" count="1" type="stmt"/>
        <line num="14" count="1" type="stmt"/>
        <line num="19" count="1" type="stmt"/>
        <line num="24" count="1" type="stmt"/>
      </file>
    </package>
    <package name="command.spin">
      <metrics statements="11" coveredstatements="11" conditionals="2" coveredconditionals="2" methods="3" coveredmethods="3"/>
      <file name="SpinCommand.ts" path="C:\Users\yuliia.sydorovych\OneDrive - Sigma Software LLC\Desktop\Yuliia\Education\Projects\patterns\patterns\src\command\spin\SpinCommand.ts">
        <metrics statements="11" coveredstatements="11" conditionals="2" coveredconditionals="2" methods="3" coveredmethods="3"/>
        <line num="4" count="1" type="stmt"/>
        <line num="6" count="1" type="stmt"/>
        <line num="12" count="2" type="stmt"/>
        <line num="14" count="2" type="stmt"/>
        <line num="19" count="2" type="cond" truecount="2" falsecount="0"/>
        <line num="21" count="1" type="stmt"/>
        <line num="23" count="1" type="stmt"/>
        <line num="25" count="1" type="stmt"/>
        <line num="26" count="1" type="stmt"/>
        <line num="27" count="1" type="stmt"/>
        <line num="32" count="1" type="stmt"/>
      </file>
    </package>
    <package name="event">
      <metrics statements="24" coveredstatements="23" conditionals="6" coveredconditionals="6" methods="10" coveredmethods="9"/>
      <file name="Dispatcher.ts" path="C:\Users\yuliia.sydorovych\OneDrive - Sigma Software LLC\Desktop\Yuliia\Education\Projects\patterns\patterns\src\event\Dispatcher.ts">
        <metrics statements="6" coveredstatements="6" conditionals="2" coveredconditionals="2" methods="4" coveredmethods="4"/>
        <line num="9" count="2" type="stmt"/>
        <line num="11" count="4" type="stmt"/>
        <line num="15" count="4" type="stmt"/>
        <line num="20" count="2" type="stmt"/>
        <line num="25" count="4" type="stmt"/>
        <line num="27" count="2" type="cond" truecount="2" falsecount="0"/>
      </file>
      <file name="Event.ts" path="C:\Users\yuliia.sydorovych\OneDrive - Sigma Software LLC\Desktop\Yuliia\Education\Projects\patterns\patterns\src\event\Event.ts">
        <metrics statements="2" coveredstatements="2" conditionals="0" coveredconditionals="0" methods="1" coveredmethods="1"/>
        <line num="1" count="2" type="stmt"/>
        <line num="7" count="4" type="stmt"/>
      </file>
      <file name="EventDispatcher.ts" path="C:\Users\yuliia.sydorovych\OneDrive - Sigma Software LLC\Desktop\Yuliia\Education\Projects\patterns\patterns\src\event\EventDispatcher.ts">
        <metrics statements="16" coveredstatements="15" conditionals="4" coveredconditionals="4" methods="5" coveredmethods="4"/>
        <line num="1" count="1" type="stmt"/>
        <line num="4" count="1" type="stmt"/>
        <line num="6" count="2" type="stmt"/>
        <line num="10" count="2" type="stmt"/>
        <line num="11" count="2" type="cond" truecount="1" falsecount="0"/>
        <line num="13" count="2" type="stmt"/>
        <line num="14" count="2" type="stmt"/>
        <line num="16" count="2" type="stmt"/>
        <line num="17" count="2" type="stmt"/>
        <line num="22" count="1" type="stmt"/>
        <line num="24" count="1" type="cond" truecount="1" falsecount="0"/>
        <line num="26" count="1" type="stmt"/>
        <line num="33" count="2" type="stmt"/>
        <line num="34" count="2" type="cond" truecount="1" falsecount="0"/>
        <line num="36" count="2" type="stmt"/>
        <line num="42" count="0" type="stmt"/>
      </file>
    </package>
    <package name="mediator">
      <metrics statements="19" coveredstatements="19" conditionals="1" coveredconditionals="1" methods="9" coveredmethods="9"/>
      <file name="GameMediator.ts" path="C:\Users\yuliia.sydorovych\OneDrive - Sigma Software LLC\Desktop\Yuliia\Education\Projects\patterns\patterns\src\mediator\GameMediator.ts">
        <metrics statements="19" coveredstatements="19" conditionals="1" coveredconditionals="1" methods="9" coveredmethods="9"/>
        <line num="7" count="1" type="stmt"/>
        <line num="14" count="4" type="stmt"/>
        <line num="23" count="4" type="stmt"/>
        <line num="25" count="4" type="stmt"/>
        <line num="26" count="4" type="stmt"/>
        <line num="28" count="4" type="stmt"/>
        <line num="29" count="4" type="stmt"/>
        <line num="30" count="4" type="stmt"/>
        <line num="32" count="4" type="stmt"/>
        <line num="37" count="5" type="cond" truecount="1" falsecount="0"/>
        <line num="39" count="5" type="stmt"/>
        <line num="45" count="4" type="stmt"/>
        <line num="47" count="4" type="stmt"/>
        <line num="49" count="1" type="stmt"/>
        <line num="52" count="4" type="stmt"/>
        <line num="54" count="1" type="stmt"/>
        <line num="57" count="4" type="stmt"/>
        <line num="59" count="4" type="stmt"/>
        <line num="64" count="20" type="stmt"/>
      </file>
    </package>
    <package name="observer">
      <metrics statements="14" coveredstatements="14" conditionals="1" coveredconditionals="1" methods="9" coveredmethods="9"/>
      <file name="Player.ts" path="C:\Users\yuliia.sydorovych\OneDrive - Sigma Software LLC\Desktop\Yuliia\Education\Projects\patterns\patterns\src\observer\Player.ts">
        <metrics statements="14" coveredstatements="14" conditionals="1" coveredconditionals="1" methods="9" coveredmethods="9"/>
        <line num="4" count="1" type="stmt"/>
        <line num="7" count="8" type="stmt"/>
        <line num="11" count="8" type="stmt"/>
        <line num="16" count="5" type="stmt"/>
        <line num="17" count="5" type="stmt"/>
        <line num="22" count="3" type="cond" truecount="1" falsecount="0"/>
        <line num="24" count="2" type="stmt"/>
        <line num="25" count="2" type="stmt"/>
        <line num="26" count="2" type="stmt"/>
        <line num="28" count="1" type="stmt"/>
        <line num="33" count="2" type="stmt"/>
        <line num="38" count="6" type="stmt"/>
        <line num="43" count="1" type="stmt"/>
        <line num="48" count="7" type="stmt"/>
      </file>
    </package>
    <package name="reels">
      <metrics statements="19" coveredstatements="18" conditionals="2" coveredconditionals="2" methods="15" coveredmethods="13"/>
      <file name="SlotMachine.ts" path="C:\Users\yuliia.sydorovych\OneDrive - Sigma Software LLC\Desktop\Yuliia\Education\Projects\patterns\patterns\src\reels\SlotMachine.ts">
        <metrics statements="11" coveredstatements="10" conditionals="1" coveredconditionals="1" methods="11" coveredmethods="9"/>
        <line num="4" count="1" type="stmt"/>
        <line num="10" count="1" type="stmt"/>
        <line num="15" count="6" type="stmt"/>
        <line num="17" count="2" type="stmt"/>
        <line num="19" count="3" type="stmt"/>
        <line num="25" count="0" type="stmt"/>
        <line num="30" count="6" type="stmt"/>
        <line num="35" count="2" type="stmt"/>
        <line num="37" count="5" type="cond" truecount="1" falsecount="0"/>
        <line num="39" count="1" type="stmt"/>
        <line num="42" count="1" type="stmt"/>
      </file>
      <file name="SlotMachineManager.ts" path="C:\Users\yuliia.sydorovych\OneDrive - Sigma Software LLC\Desktop\Yuliia\Education\Projects\patterns\patterns\src\reels\SlotMachineManager.ts">
        <metrics statements="8" coveredstatements="8" conditionals="1" coveredconditionals="1" methods="4" coveredmethods="4"/>
        <line num="3" count="1" type="stmt"/>
        <line num="9" count="2" type="stmt"/>
        <line num="14" count="1" type="stmt"/>
        <line num="16" count="1" type="stmt"/>
        <line num="18" count="1" type="cond" truecount="1" falsecount="0"/>
        <line num="20" count="1" type="stmt"/>
        <line num="21" count="1" type="stmt"/>
        <line num="28" count="1" type="stmt"/>
      </file>
    </package>
  </project>
</coverage>
