{"C:\\Users\\yuliia.sydorovych\\OneDrive - Sigma Software LLC\\Desktop\\Yuliia\\Education\\Projects\\patterns\\patterns\\src\\command\\BaseCommand.ts": {"path":"C:\\Users\\yuliia.sydorovych\\OneDrive - Sigma Software LLC\\Desktop\\Yuliia\\Education\\Projects\\patterns\\patterns\\src\\command\\BaseCommand.ts","statementMap":{"0":{"start":{"line":12,"column":4},"end":{"line":12,"column":33}},"1":{"start":{"line":13,"column":4},"end":{"line":13,"column":31}},"2":{"start":{"line":5,"column":0},"end":{"line":5,"column":22}}},"fnMap":{"0":{"name":"(anonymous_0)","decl":{"start":{"line":10,"column":2},"end":{"line":10,"column":14}},"loc":{"start":{"line":10,"column":58},"end":{"line":14,"column":3}}}},"branchMap":{},"s":{"0":6,"1":6,"2":2},"f":{"0":6},"b":{}}
,"C:\\Users\\yuliia.sydorovych\\OneDrive - Sigma Software LLC\\Desktop\\Yuliia\\Education\\Projects\\patterns\\patterns\\src\\command\\CommandManager.ts": {"path":"C:\\Users\\yuliia.sydorovych\\OneDrive - Sigma Software LLC\\Desktop\\Yuliia\\Education\\Projects\\patterns\\patterns\\src\\command\\CommandManager.ts","statementMap":{"0":{"start":{"line":5,"column":12},"end":{"line":5,"column":37}},"1":{"start":{"line":6,"column":12},"end":{"line":6,"column":36}},"2":{"start":{"line":10,"column":6},"end":{"line":10,"column":29}},"3":{"start":{"line":12,"column":6},"end":{"line":12,"column":33}},"4":{"start":{"line":14,"column":6},"end":{"line":14,"column":23}},"5":{"start":{"line":19,"column":22},"end":{"line":19,"column":40}},"6":{"start":{"line":21,"column":6},"end":{"line":26,"column":null}},"7":{"start":{"line":23,"column":8},"end":{"line":23,"column":23}},"8":{"start":{"line":25,"column":8},"end":{"line":25,"column":34}},"9":{"start":{"line":31,"column":22},"end":{"line":31,"column":39}},"10":{"start":{"line":33,"column":6},"end":{"line":38,"column":null}},"11":{"start":{"line":35,"column":8},"end":{"line":35,"column":23}},"12":{"start":{"line":37,"column":8},"end":{"line":37,"column":35}},"13":{"start":{"line":3,"column":0},"end":{"line":3,"column":13}}},"fnMap":{"0":{"name":"(anonymous_0)","decl":{"start":{"line":3,"column":0},"end":{"line":3,"column":13}},"loc":{"start":{"line":3,"column":0},"end":{"line":40,"column":3}}},"1":{"name":"(anonymous_1)","decl":{"start":{"line":8,"column":4},"end":{"line":8,"column":18}},"loc":{"start":{"line":8,"column":51},"end":{"line":15,"column":5}}},"2":{"name":"(anonymous_2)","decl":{"start":{"line":17,"column":4},"end":{"line":17,"column":8}},"loc":{"start":{"line":17,"column":8},"end":{"line":27,"column":5}}},"3":{"name":"(anonymous_3)","decl":{"start":{"line":29,"column":4},"end":{"line":29,"column":8}},"loc":{"start":{"line":29,"column":8},"end":{"line":39,"column":5}}}},"branchMap":{"0":{"loc":{"start":{"line":21,"column":6},"end":{"line":26,"column":null}},"type":"if","locations":[{"start":{"line":21,"column":6},"end":{"line":26,"column":null}}]},"1":{"loc":{"start":{"line":21,"column":10},"end":{"line":21,"column":33}},"type":"binary-expr","locations":[{"start":{"line":21,"column":10},"end":{"line":21,"column":17}},{"start":{"line":21,"column":21},"end":{"line":21,"column":33}}]},"2":{"loc":{"start":{"line":33,"column":6},"end":{"line":38,"column":null}},"type":"if","locations":[{"start":{"line":33,"column":6},"end":{"line":38,"column":null}}]},"3":{"loc":{"start":{"line":33,"column":10},"end":{"line":33,"column":33}},"type":"binary-expr","locations":[{"start":{"line":33,"column":10},"end":{"line":33,"column":17}},{"start":{"line":33,"column":21},"end":{"line":33,"column":33}}]}},"s":{"0":3,"1":3,"2":3,"3":3,"4":3,"5":2,"6":2,"7":2,"8":2,"9":1,"10":1,"11":1,"12":1,"13":1},"f":{"0":3,"1":3,"2":2,"3":1},"b":{"0":[2],"1":[2,2],"2":[1],"3":[1,1]}}
,"C:\\Users\\yuliia.sydorovych\\OneDrive - Sigma Software LLC\\Desktop\\Yuliia\\Education\\Projects\\patterns\\patterns\\src\\command\\bet\\BetCommand.ts": {"path":"C:\\Users\\yuliia.sydorovych\\OneDrive - Sigma Software LLC\\Desktop\\Yuliia\\Education\\Projects\\patterns\\patterns\\src\\command\\bet\\BetCommand.ts","statementMap":{"0":{"start":{"line":1,"column":0},"end":{"line":1,"column":45}},"1":{"start":{"line":5,"column":10},"end":{"line":5,"column":30}},"2":{"start":{"line":9,"column":4},"end":{"line":9,"column":25}},"3":{"start":{"line":11,"column":19},"end":{"line":11,"column":147}},"4":{"start":{"line":12,"column":4},"end":{"line":12,"column":44}},"5":{"start":{"line":17,"column":4},"end":{"line":17,"column":48}},"6":{"start":{"line":18,"column":4},"end":{"line":18,"column":68}},"7":{"start":{"line":23,"column":4},"end":{"line":23,"column":31}},"8":{"start":{"line":3,"column":0},"end":{"line":3,"column":13}}},"fnMap":{"0":{"name":"(anonymous_0)","decl":{"start":{"line":3,"column":0},"end":{"line":3,"column":13}},"loc":{"start":{"line":3,"column":0},"end":{"line":25,"column":1}}},"1":{"name":"(anonymous_1)","decl":{"start":{"line":7,"column":9},"end":{"line":7,"column":16}},"loc":{"start":{"line":7,"column":30},"end":{"line":13,"column":3}}},"2":{"name":"(anonymous_2)","decl":{"start":{"line":15,"column":9},"end":{"line":15,"column":13}},"loc":{"start":{"line":15,"column":13},"end":{"line":19,"column":3}}},"3":{"name":"(anonymous_3)","decl":{"start":{"line":21,"column":9},"end":{"line":21,"column":13}},"loc":{"start":{"line":21,"column":13},"end":{"line":24,"column":3}}}},"branchMap":{"0":{"loc":{"start":{"line":11,"column":19},"end":{"line":11,"column":147}},"type":"cond-expr","locations":[{"start":{"line":11,"column":60},"end":{"line":11,"column":106}},{"start":{"line":11,"column":109},"end":{"line":11,"column":147}}]}},"s":{"0":1,"1":4,"2":3,"3":3,"4":3,"5":1,"6":1,"7":1,"8":1},"f":{"0":4,"1":3,"2":1,"3":1},"b":{"0":[1,2]}}
,"C:\\Users\\yuliia.sydorovych\\OneDrive - Sigma Software LLC\\Desktop\\Yuliia\\Education\\Projects\\patterns\\patterns\\src\\command\\bet\\BetManager.ts": {"path":"C:\\Users\\yuliia.sydorovych\\OneDrive - Sigma Software LLC\\Desktop\\Yuliia\\Education\\Projects\\patterns\\patterns\\src\\command\\bet\\BetManager.ts","statementMap":{"0":{"start":{"line":9,"column":4},"end":{"line":9,"column":25}},"1":{"start":{"line":14,"column":4},"end":{"line":14,"column":40}},"2":{"start":{"line":19,"column":4},"end":{"line":19,"column":38}},"3":{"start":{"line":24,"column":4},"end":{"line":24,"column":39}},"4":{"start":{"line":3,"column":0},"end":{"line":3,"column":13}}},"fnMap":{"0":{"name":"(anonymous_0)","decl":{"start":{"line":7,"column":2},"end":{"line":7,"column":14}},"loc":{"start":{"line":7,"column":37},"end":{"line":10,"column":3}}},"1":{"name":"(anonymous_1)","decl":{"start":{"line":12,"column":9},"end":{"line":12,"column":17}},"loc":{"start":{"line":12,"column":32},"end":{"line":15,"column":3}}},"2":{"name":"(anonymous_2)","decl":{"start":{"line":17,"column":9},"end":{"line":17,"column":22}},"loc":{"start":{"line":17,"column":37},"end":{"line":20,"column":3}}},"3":{"name":"(anonymous_3)","decl":{"start":{"line":22,"column":9},"end":{"line":22,"column":17}},"loc":{"start":{"line":22,"column":31},"end":{"line":25,"column":3}}}},"branchMap":{},"s":{"0":1,"1":1,"2":1,"3":1,"4":1},"f":{"0":1,"1":1,"2":1,"3":1},"b":{}}
,"C:\\Users\\yuliia.sydorovych\\OneDrive - Sigma Software LLC\\Desktop\\Yuliia\\Education\\Projects\\patterns\\patterns\\src\\command\\spin\\SpinCommand.ts": {"path":"C:\\Users\\yuliia.sydorovych\\OneDrive - Sigma Software LLC\\Desktop\\Yuliia\\Education\\Projects\\patterns\\patterns\\src\\command\\spin\\SpinCommand.ts","statementMap":{"0":{"start":{"line":4,"column":0},"end":{"line":4,"column":45}},"1":{"start":{"line":12,"column":4},"end":{"line":12,"column":33}},"2":{"start":{"line":14,"column":4},"end":{"line":14,"column":49}},"3":{"start":{"line":19,"column":4},"end":{"line":33,"column":null}},"4":{"start":{"line":21,"column":6},"end":{"line":21,"column":41}},"5":{"start":{"line":23,"column":6},"end":{"line":28,"column":9}},"6":{"start":{"line":25,"column":23},"end":{"line":25,"column":73}},"7":{"start":{"line":26,"column":8},"end":{"line":26,"column":46}},"8":{"start":{"line":27,"column":8},"end":{"line":27,"column":47}},"9":{"start":{"line":32,"column":6},"end":{"line":32,"column":45}},"10":{"start":{"line":6,"column":0},"end":{"line":6,"column":13}}},"fnMap":{"0":{"name":"(anonymous_0)","decl":{"start":{"line":10,"column":2},"end":{"line":10,"column":14}},"loc":{"start":{"line":10,"column":98},"end":{"line":15,"column":3}}},"1":{"name":"(anonymous_1)","decl":{"start":{"line":17,"column":9},"end":{"line":17,"column":16}},"loc":{"start":{"line":17,"column":34},"end":{"line":34,"column":3}}},"2":{"name":"(anonymous_2)","decl":{"start":{"line":23,"column":35},"end":{"line":23,"column":38}},"loc":{"start":{"line":23,"column":40},"end":{"line":28,"column":7}}}},"branchMap":{"0":{"loc":{"start":{"line":19,"column":4},"end":{"line":33,"column":null}},"type":"if","locations":[{"start":{"line":19,"column":4},"end":{"line":33,"column":null}},{"start":{"line":31,"column":4},"end":{"line":33,"column":null}}]}},"s":{"0":1,"1":2,"2":2,"3":2,"4":1,"5":1,"6":1,"7":1,"8":1,"9":1,"10":1},"f":{"0":2,"1":2,"2":1},"b":{"0":[1,1]}}
,"C:\\Users\\yuliia.sydorovych\\OneDrive - Sigma Software LLC\\Desktop\\Yuliia\\Education\\Projects\\patterns\\patterns\\src\\event\\Dispatcher.ts": {"path":"C:\\Users\\yuliia.sydorovych\\OneDrive - Sigma Software LLC\\Desktop\\Yuliia\\Education\\Projects\\patterns\\patterns\\src\\event\\Dispatcher.ts","statementMap":{"0":{"start":{"line":11,"column":10},"end":{"line":11,"column":38}},"1":{"start":{"line":15,"column":4},"end":{"line":15,"column":52}},"2":{"start":{"line":20,"column":4},"end":{"line":20,"column":24}},"3":{"start":{"line":25,"column":4},"end":{"line":28,"column":null}},"4":{"start":{"line":27,"column":6},"end":{"line":27,"column":61}},"5":{"start":{"line":9,"column":0},"end":{"line":9,"column":13}}},"fnMap":{"0":{"name":"(anonymous_0)","decl":{"start":{"line":9,"column":0},"end":{"line":9,"column":13}},"loc":{"start":{"line":9,"column":0},"end":{"line":30,"column":1}}},"1":{"name":"(anonymous_1)","decl":{"start":{"line":13,"column":9},"end":{"line":13,"column":20}},"loc":{"start":{"line":13,"column":75},"end":{"line":16,"column":3}}},"2":{"name":"(anonymous_2)","decl":{"start":{"line":18,"column":9},"end":{"line":18,"column":24}},"loc":{"start":{"line":18,"column":24},"end":{"line":21,"column":3}}},"3":{"name":"(anonymous_3)","decl":{"start":{"line":23,"column":9},"end":{"line":23,"column":17}},"loc":{"start":{"line":23,"column":30},"end":{"line":29,"column":3}}}},"branchMap":{"0":{"loc":{"start":{"line":27,"column":29},"end":{"line":27,"column":52}},"type":"binary-expr","locations":[{"start":{"line":27,"column":29},"end":{"line":27,"column":44}},{"start":{"line":27,"column":48},"end":{"line":27,"column":52}}]}},"s":{"0":4,"1":4,"2":2,"3":4,"4":2,"5":2},"f":{"0":4,"1":4,"2":2,"3":4},"b":{"0":[2,2]}}
,"C:\\Users\\yuliia.sydorovych\\OneDrive - Sigma Software LLC\\Desktop\\Yuliia\\Education\\Projects\\patterns\\patterns\\src\\event\\Event.ts": {"path":"C:\\Users\\yuliia.sydorovych\\OneDrive - Sigma Software LLC\\Desktop\\Yuliia\\Education\\Projects\\patterns\\patterns\\src\\event\\Event.ts","statementMap":{"0":{"start":{"line":7,"column":4},"end":{"line":7,"column":21}},"1":{"start":{"line":1,"column":0},"end":{"line":1,"column":13}}},"fnMap":{"0":{"name":"(anonymous_0)","decl":{"start":{"line":5,"column":2},"end":{"line":5,"column":14}},"loc":{"start":{"line":5,"column":26},"end":{"line":8,"column":3}}}},"branchMap":{},"s":{"0":4,"1":2},"f":{"0":4},"b":{}}
,"C:\\Users\\yuliia.sydorovych\\OneDrive - Sigma Software LLC\\Desktop\\Yuliia\\Education\\Projects\\patterns\\patterns\\src\\event\\EventDispatcher.ts": {"path":"C:\\Users\\yuliia.sydorovych\\OneDrive - Sigma Software LLC\\Desktop\\Yuliia\\Education\\Projects\\patterns\\patterns\\src\\event\\EventDispatcher.ts","statementMap":{"0":{"start":{"line":1,"column":0},"end":{"line":1,"column":42}},"1":{"start":{"line":6,"column":12},"end":{"line":6,"column":61}},"2":{"start":{"line":10,"column":25},"end":{"line":10,"column":48}},"3":{"start":{"line":11,"column":8},"end":{"line":15,"column":null}},"4":{"start":{"line":13,"column":12},"end":{"line":13,"column":42}},"5":{"start":{"line":14,"column":12},"end":{"line":14,"column":49}},"6":{"start":{"line":16,"column":8},"end":{"line":16,"column":54}},"7":{"start":{"line":17,"column":8},"end":{"line":17,"column":20}},"8":{"start":{"line":22,"column":8},"end":{"line":28,"column":null}},"9":{"start":{"line":24,"column":12},"end":{"line":27,"column":null}},"10":{"start":{"line":26,"column":16},"end":{"line":26,"column":57}},"11":{"start":{"line":33,"column":27},"end":{"line":33,"column":52}},"12":{"start":{"line":34,"column":8},"end":{"line":37,"column":null}},"13":{"start":{"line":36,"column":11},"end":{"line":36,"column":34}},"14":{"start":{"line":42,"column":8},"end":{"line":42,"column":39}},"15":{"start":{"line":4,"column":0},"end":{"line":4,"column":13}}},"fnMap":{"0":{"name":"(anonymous_0)","decl":{"start":{"line":4,"column":0},"end":{"line":4,"column":13}},"loc":{"start":{"line":4,"column":0},"end":{"line":44,"column":1}}},"1":{"name":"(anonymous_1)","decl":{"start":{"line":8,"column":11},"end":{"line":8,"column":27}},"loc":{"start":{"line":8,"column":101},"end":{"line":18,"column":5}}},"2":{"name":"(anonymous_2)","decl":{"start":{"line":20,"column":11},"end":{"line":20,"column":26}},"loc":{"start":{"line":20,"column":26},"end":{"line":29,"column":5}}},"3":{"name":"(anonymous_3)","decl":{"start":{"line":31,"column":11},"end":{"line":31,"column":19}},"loc":{"start":{"line":31,"column":28},"end":{"line":38,"column":5}}},"4":{"name":"(anonymous_4)","decl":{"start":{"line":40,"column":11},"end":{"line":40,"column":24}},"loc":{"start":{"line":40,"column":37},"end":{"line":43,"column":5}}}},"branchMap":{"0":{"loc":{"start":{"line":8,"column":71},"end":{"line":8,"column":89}},"type":"default-arg","locations":[{"start":{"line":8,"column":85},"end":{"line":8,"column":89}}]},"1":{"loc":{"start":{"line":11,"column":8},"end":{"line":15,"column":null}},"type":"if","locations":[{"start":{"line":11,"column":8},"end":{"line":15,"column":null}}]},"2":{"loc":{"start":{"line":24,"column":12},"end":{"line":27,"column":null}},"type":"if","locations":[{"start":{"line":24,"column":12},"end":{"line":27,"column":null}}]},"3":{"loc":{"start":{"line":34,"column":8},"end":{"line":37,"column":null}},"type":"if","locations":[{"start":{"line":34,"column":8},"end":{"line":37,"column":null}}]}},"s":{"0":1,"1":2,"2":2,"3":2,"4":2,"5":2,"6":2,"7":2,"8":1,"9":1,"10":1,"11":2,"12":2,"13":2,"14":0,"15":1},"f":{"0":2,"1":2,"2":1,"3":2,"4":0},"b":{"0":[2],"1":[2],"2":[1],"3":[2]}}
,"C:\\Users\\yuliia.sydorovych\\OneDrive - Sigma Software LLC\\Desktop\\Yuliia\\Education\\Projects\\patterns\\patterns\\src\\mediator\\GameMediator.ts": {"path":"C:\\Users\\yuliia.sydorovych\\OneDrive - Sigma Software LLC\\Desktop\\Yuliia\\Education\\Projects\\patterns\\patterns\\src\\mediator\\GameMediator.ts","statementMap":{"0":{"start":{"line":14,"column":12},"end":{"line":14,"column":69}},"1":{"start":{"line":23,"column":8},"end":{"line":23,"column":29}},"2":{"start":{"line":25,"column":8},"end":{"line":25,"column":41}},"3":{"start":{"line":26,"column":8},"end":{"line":26,"column":45}},"4":{"start":{"line":28,"column":8},"end":{"line":28,"column":39}},"5":{"start":{"line":29,"column":8},"end":{"line":29,"column":37}},"6":{"start":{"line":30,"column":8},"end":{"line":30,"column":45}},"7":{"start":{"line":32,"column":8},"end":{"line":32,"column":33}},"8":{"start":{"line":37,"column":8},"end":{"line":40,"column":null}},"9":{"start":{"line":39,"column":12},"end":{"line":39,"column":39}},"10":{"start":{"line":45,"column":8},"end":{"line":45,"column":82}},"11":{"start":{"line":45,"column":48},"end":{"line":45,"column":80}},"12":{"start":{"line":47,"column":8},"end":{"line":50,"column":11}},"13":{"start":{"line":49,"column":12},"end":{"line":49,"column":72}},"14":{"start":{"line":52,"column":8},"end":{"line":55,"column":11}},"15":{"start":{"line":54,"column":12},"end":{"line":54,"column":71}},"16":{"start":{"line":57,"column":8},"end":{"line":57,"column":70}},"17":{"start":{"line":57,"column":42},"end":{"line":57,"column":68}},"18":{"start":{"line":59,"column":8},"end":{"line":59,"column":70}},"19":{"start":{"line":59,"column":42},"end":{"line":59,"column":68}},"20":{"start":{"line":64,"column":8},"end":{"line":64,"column":37}},"21":{"start":{"line":7,"column":0},"end":{"line":7,"column":13}}},"fnMap":{"0":{"name":"(anonymous_0)","decl":{"start":{"line":16,"column":4},"end":{"line":16,"column":null}},"loc":{"start":{"line":21,"column":38},"end":{"line":33,"column":5}}},"1":{"name":"(anonymous_1)","decl":{"start":{"line":35,"column":11},"end":{"line":35,"column":17}},"loc":{"start":{"line":35,"column":63},"end":{"line":41,"column":5}}},"2":{"name":"(anonymous_2)","decl":{"start":{"line":43,"column":12},"end":{"line":43,"column":29}},"loc":{"start":{"line":43,"column":29},"end":{"line":60,"column":5}}},"3":{"name":"(anonymous_3)","decl":{"start":{"line":45,"column":37},"end":{"line":45,"column":38}},"loc":{"start":{"line":45,"column":48},"end":{"line":45,"column":80}}},"4":{"name":"(anonymous_4)","decl":{"start":{"line":47,"column":36},"end":{"line":47,"column":37}},"loc":{"start":{"line":47,"column":46},"end":{"line":50,"column":9}}},"5":{"name":"(anonymous_5)","decl":{"start":{"line":52,"column":35},"end":{"line":52,"column":36}},"loc":{"start":{"line":52,"column":45},"end":{"line":55,"column":9}}},"6":{"name":"(anonymous_6)","decl":{"start":{"line":57,"column":36},"end":{"line":57,"column":39}},"loc":{"start":{"line":57,"column":42},"end":{"line":57,"column":68}}},"7":{"name":"(anonymous_7)","decl":{"start":{"line":59,"column":36},"end":{"line":59,"column":39}},"loc":{"start":{"line":59,"column":42},"end":{"line":59,"column":68}}},"8":{"name":"(anonymous_8)","decl":{"start":{"line":62,"column":12},"end":{"line":62,"column":26}},"loc":{"start":{"line":62,"column":73},"end":{"line":65,"column":5}}}},"branchMap":{"0":{"loc":{"start":{"line":37,"column":8},"end":{"line":40,"column":null}},"type":"if","locations":[{"start":{"line":37,"column":8},"end":{"line":40,"column":null}}]}},"s":{"0":4,"1":4,"2":4,"3":4,"4":4,"5":4,"6":4,"7":4,"8":5,"9":5,"10":4,"11":1,"12":4,"13":1,"14":4,"15":1,"16":4,"17":1,"18":4,"19":1,"20":20,"21":1},"f":{"0":4,"1":5,"2":4,"3":1,"4":1,"5":1,"6":1,"7":1,"8":20},"b":{"0":[5]}}
,"C:\\Users\\yuliia.sydorovych\\OneDrive - Sigma Software LLC\\Desktop\\Yuliia\\Education\\Projects\\patterns\\patterns\\src\\observer\\Player.ts": {"path":"C:\\Users\\yuliia.sydorovych\\OneDrive - Sigma Software LLC\\Desktop\\Yuliia\\Education\\Projects\\patterns\\patterns\\src\\observer\\Player.ts","statementMap":{"0":{"start":{"line":7,"column":10},"end":{"line":7,"column":46}},"1":{"start":{"line":11,"column":4},"end":{"line":11,"column":34}},"2":{"start":{"line":16,"column":4},"end":{"line":16,"column":27}},"3":{"start":{"line":17,"column":4},"end":{"line":17,"column":27}},"4":{"start":{"line":22,"column":4},"end":{"line":27,"column":null}},"5":{"start":{"line":24,"column":6},"end":{"line":24,"column":29}},"6":{"start":{"line":25,"column":6},"end":{"line":25,"column":29}},"7":{"start":{"line":26,"column":6},"end":{"line":26,"column":18}},"8":{"start":{"line":28,"column":4},"end":{"line":28,"column":17}},"9":{"start":{"line":33,"column":4},"end":{"line":33,"column":34}},"10":{"start":{"line":38,"column":4},"end":{"line":38,"column":34}},"11":{"start":{"line":43,"column":4},"end":{"line":43,"column":64}},"12":{"start":{"line":43,"column":48},"end":{"line":43,"column":62}},"13":{"start":{"line":48,"column":4},"end":{"line":48,"column":70}},"14":{"start":{"line":48,"column":39},"end":{"line":48,"column":68}},"15":{"start":{"line":4,"column":0},"end":{"line":4,"column":13}}},"fnMap":{"0":{"name":"(anonymous_0)","decl":{"start":{"line":9,"column":2},"end":{"line":9,"column":14}},"loc":{"start":{"line":9,"column":36},"end":{"line":12,"column":3}}},"1":{"name":"(anonymous_1)","decl":{"start":{"line":14,"column":9},"end":{"line":14,"column":22}},"loc":{"start":{"line":14,"column":37},"end":{"line":18,"column":3}}},"2":{"name":"(anonymous_2)","decl":{"start":{"line":20,"column":9},"end":{"line":20,"column":17}},"loc":{"start":{"line":20,"column":32},"end":{"line":29,"column":3}}},"3":{"name":"(anonymous_3)","decl":{"start":{"line":31,"column":9},"end":{"line":31,"column":17}},"loc":{"start":{"line":31,"column":32},"end":{"line":34,"column":3}}},"4":{"name":"(anonymous_4)","decl":{"start":{"line":36,"column":9},"end":{"line":36,"column":20}},"loc":{"start":{"line":36,"column":48},"end":{"line":39,"column":3}}},"5":{"name":"(anonymous_5)","decl":{"start":{"line":41,"column":9},"end":{"line":41,"column":23}},"loc":{"start":{"line":41,"column":51},"end":{"line":44,"column":3}}},"6":{"name":"(anonymous_6)","decl":{"start":{"line":43,"column":43},"end":{"line":43,"column":44}},"loc":{"start":{"line":43,"column":48},"end":{"line":43,"column":62}}},"7":{"name":"(anonymous_7)","decl":{"start":{"line":46,"column":9},"end":{"line":46,"column":24}},"loc":{"start":{"line":46,"column":24},"end":{"line":49,"column":3}}},"8":{"name":"(anonymous_8)","decl":{"start":{"line":48,"column":27},"end":{"line":48,"column":35}},"loc":{"start":{"line":48,"column":39},"end":{"line":48,"column":68}}}},"branchMap":{"0":{"loc":{"start":{"line":22,"column":4},"end":{"line":27,"column":null}},"type":"if","locations":[{"start":{"line":22,"column":4},"end":{"line":27,"column":null}}]}},"s":{"0":3,"1":3,"2":1,"3":1,"4":2,"5":1,"6":1,"7":1,"8":1,"9":0,"10":2,"11":0,"12":0,"13":2,"14":2,"15":1},"f":{"0":3,"1":1,"2":2,"3":0,"4":2,"5":0,"6":0,"7":2,"8":2},"b":{"0":[1]}}
,"C:\\Users\\yuliia.sydorovych\\OneDrive - Sigma Software LLC\\Desktop\\Yuliia\\Education\\Projects\\patterns\\patterns\\src\\reels\\SlotMachine.ts": {"path":"C:\\Users\\yuliia.sydorovych\\OneDrive - Sigma Software LLC\\Desktop\\Yuliia\\Education\\Projects\\patterns\\patterns\\src\\reels\\SlotMachine.ts","statementMap":{"0":{"start":{"line":10,"column":4},"end":{"line":10,"column":23}},"1":{"start":{"line":15,"column":4},"end":{"line":15,"column":46}},"2":{"start":{"line":15,"column":33},"end":{"line":15,"column":44}},"3":{"start":{"line":17,"column":4},"end":{"line":20,"column":13}},"4":{"start":{"line":19,"column":6},"end":{"line":19,"column":48}},"5":{"start":{"line":19,"column":35},"end":{"line":19,"column":46}},"6":{"start":{"line":25,"column":4},"end":{"line":25,"column":56}},"7":{"start":{"line":25,"column":37},"end":{"line":25,"column":54}},"8":{"start":{"line":30,"column":4},"end":{"line":30,"column":61}},"9":{"start":{"line":30,"column":36},"end":{"line":30,"column":59}},"10":{"start":{"line":35,"column":25},"end":{"line":35,"column":47}},"11":{"start":{"line":37,"column":4},"end":{"line":40,"column":null}},"12":{"start":{"line":37,"column":39},"end":{"line":37,"column":65}},"13":{"start":{"line":39,"column":6},"end":{"line":39,"column":27}},"14":{"start":{"line":42,"column":4},"end":{"line":42,"column":13}},"15":{"start":{"line":4,"column":0},"end":{"line":4,"column":13}}},"fnMap":{"0":{"name":"(anonymous_0)","decl":{"start":{"line":8,"column":2},"end":{"line":8,"column":14}},"loc":{"start":{"line":8,"column":27},"end":{"line":11,"column":3}}},"1":{"name":"(anonymous_1)","decl":{"start":{"line":13,"column":9},"end":{"line":13,"column":18}},"loc":{"start":{"line":13,"column":18},"end":{"line":21,"column":3}}},"2":{"name":"(anonymous_2)","decl":{"start":{"line":15,"column":23},"end":{"line":15,"column":24}},"loc":{"start":{"line":15,"column":33},"end":{"line":15,"column":44}}},"3":{"name":"(anonymous_3)","decl":{"start":{"line":17,"column":15},"end":{"line":17,"column":18}},"loc":{"start":{"line":17,"column":20},"end":{"line":20,"column":5}}},"4":{"name":"(anonymous_4)","decl":{"start":{"line":19,"column":25},"end":{"line":19,"column":26}},"loc":{"start":{"line":19,"column":35},"end":{"line":19,"column":46}}},"5":{"name":"(anonymous_5)","decl":{"start":{"line":23,"column":9},"end":{"line":23,"column":25}},"loc":{"start":{"line":23,"column":25},"end":{"line":26,"column":3}}},"6":{"name":"(anonymous_6)","decl":{"start":{"line":25,"column":27},"end":{"line":25,"column":28}},"loc":{"start":{"line":25,"column":37},"end":{"line":25,"column":54}}},"7":{"name":"(anonymous_7)","decl":{"start":{"line":28,"column":9},"end":{"line":28,"column":24}},"loc":{"start":{"line":28,"column":24},"end":{"line":31,"column":3}}},"8":{"name":"(anonymous_8)","decl":{"start":{"line":30,"column":26},"end":{"line":30,"column":27}},"loc":{"start":{"line":30,"column":36},"end":{"line":30,"column":59}}},"9":{"name":"(anonymous_9)","decl":{"start":{"line":33,"column":9},"end":{"line":33,"column":24}},"loc":{"start":{"line":33,"column":42},"end":{"line":43,"column":3}}},"10":{"name":"(anonymous_10)","decl":{"start":{"line":37,"column":27},"end":{"line":37,"column":28}},"loc":{"start":{"line":37,"column":39},"end":{"line":37,"column":65}}}},"branchMap":{"0":{"loc":{"start":{"line":37,"column":4},"end":{"line":40,"column":null}},"type":"if","locations":[{"start":{"line":37,"column":4},"end":{"line":40,"column":null}}]}},"s":{"0":1,"1":2,"2":6,"3":2,"4":1,"5":3,"6":0,"7":0,"8":2,"9":6,"10":2,"11":2,"12":5,"13":1,"14":1,"15":1},"f":{"0":1,"1":2,"2":6,"3":1,"4":3,"5":0,"6":0,"7":2,"8":6,"9":2,"10":5},"b":{"0":[1]}}
,"C:\\Users\\yuliia.sydorovych\\OneDrive - Sigma Software LLC\\Desktop\\Yuliia\\Education\\Projects\\patterns\\patterns\\src\\reels\\SlotMachineManager.ts": {"path":"C:\\Users\\yuliia.sydorovych\\OneDrive - Sigma Software LLC\\Desktop\\Yuliia\\Education\\Projects\\patterns\\patterns\\src\\reels\\SlotMachineManager.ts","statementMap":{"0":{"start":{"line":9,"column":4},"end":{"line":9,"column":35}},"1":{"start":{"line":14,"column":4},"end":{"line":14,"column":33}},"2":{"start":{"line":16,"column":30},"end":{"line":23,"column":11}},"3":{"start":{"line":18,"column":6},"end":{"line":22,"column":null}},"4":{"start":{"line":20,"column":8},"end":{"line":20,"column":41}},"5":{"start":{"line":21,"column":8},"end":{"line":21,"column":21}},"6":{"start":{"line":28,"column":4},"end":{"line":28,"column":55}},"7":{"start":{"line":3,"column":0},"end":{"line":3,"column":13}}},"fnMap":{"0":{"name":"(anonymous_0)","decl":{"start":{"line":7,"column":2},"end":{"line":7,"column":14}},"loc":{"start":{"line":7,"column":39},"end":{"line":10,"column":3}}},"1":{"name":"(anonymous_1)","decl":{"start":{"line":12,"column":9},"end":{"line":12,"column":13}},"loc":{"start":{"line":12,"column":36},"end":{"line":24,"column":3}}},"2":{"name":"(anonymous_2)","decl":{"start":{"line":16,"column":42},"end":{"line":16,"column":45}},"loc":{"start":{"line":16,"column":47},"end":{"line":23,"column":5}}},"3":{"name":"(anonymous_3)","decl":{"start":{"line":26,"column":9},"end":{"line":26,"column":24}},"loc":{"start":{"line":26,"column":42},"end":{"line":29,"column":3}}}},"branchMap":{"0":{"loc":{"start":{"line":18,"column":6},"end":{"line":22,"column":null}},"type":"if","locations":[{"start":{"line":18,"column":6},"end":{"line":22,"column":null}}]}},"s":{"0":2,"1":1,"2":1,"3":1,"4":1,"5":1,"6":1,"7":1},"f":{"0":2,"1":1,"2":1,"3":1},"b":{"0":[1]}}
}
