TN:
SF:src\command\BaseCommand.ts
FN:10,(anonymous_0)
FNF:1
FNH:1
FNDA:6,(anonymous_0)
DA:5,2
DA:12,6
DA:13,6
LF:3
LH:3
BRF:0
BRH:0
end_of_record
TN:
SF:src\command\CommandManager.ts
FN:3,(anonymous_0)
FN:8,(anonymous_1)
FN:17,(anonymous_2)
FN:29,(anonymous_3)
FNF:4
FNH:4
FNDA:3,(anonymous_0)
FNDA:3,(anonymous_1)
FNDA:2,(anonymous_2)
FNDA:1,(anonymous_3)
DA:3,1
DA:5,3
DA:6,3
DA:10,3
DA:12,3
DA:14,3
DA:19,2
DA:21,2
DA:23,2
DA:25,2
DA:31,1
DA:33,1
DA:35,1
DA:37,1
LF:14
LH:14
BRDA:21,0,0,2
BRDA:21,1,0,2
BRDA:21,1,1,2
BRDA:33,2,0,1
BRDA:33,3,0,1
BRDA:33,3,1,1
BRF:6
BRH:6
end_of_record
TN:
SF:src\command\bet\BetCommand.ts
FN:3,(anonymous_0)
FN:7,(anonymous_1)
FN:15,(anonymous_2)
FN:21,(anonymous_3)
FNF:4
FNH:4
FNDA:4,(anonymous_0)
FNDA:3,(anonymous_1)
FNDA:1,(anonymous_2)
FNDA:1,(anonymous_3)
DA:1,1
DA:3,1
DA:5,4
DA:9,3
DA:11,3
DA:12,3
DA:17,1
DA:18,1
DA:23,1
LF:9
LH:9
BRDA:11,0,0,1
BRDA:11,0,1,2
BRF:2
BRH:2
end_of_record
TN:
SF:src\command\bet\BetManager.ts
FN:7,(anonymous_0)
FN:12,(anonymous_1)
FN:17,(anonymous_2)
FN:22,(anonymous_3)
FNF:4
FNH:4
FNDA:1,(anonymous_0)
FNDA:1,(anonymous_1)
FNDA:1,(anonymous_2)
FNDA:1,(anonymous_3)
DA:3,1
DA:9,1
DA:14,1
DA:19,1
DA:24,1
LF:5
LH:5
BRF:0
BRH:0
end_of_record
TN:
SF:src\command\spin\SpinCommand.ts
FN:10,(anonymous_0)
FN:17,(anonymous_1)
FN:23,(anonymous_2)
FNF:3
FNH:3
FNDA:2,(anonymous_0)
FNDA:2,(anonymous_1)
FNDA:1,(anonymous_2)
DA:4,1
DA:6,1
DA:12,2
DA:14,2
DA:19,2
DA:21,1
DA:23,1
DA:25,1
DA:26,1
DA:27,1
DA:32,1
LF:11
LH:11
BRDA:19,0,0,1
BRDA:19,0,1,1
BRF:2
BRH:2
end_of_record
TN:
SF:src\event\Dispatcher.ts
FN:9,(anonymous_0)
FN:13,(anonymous_1)
FN:18,(anonymous_2)
FN:23,(anonymous_3)
FNF:4
FNH:4
FNDA:4,(anonymous_0)
FNDA:4,(anonymous_1)
FNDA:2,(anonymous_2)
FNDA:4,(anonymous_3)
DA:9,2
DA:11,4
DA:15,4
DA:20,2
DA:25,4
DA:27,2
LF:6
LH:6
BRDA:27,0,0,2
BRDA:27,0,1,2
BRF:2
BRH:2
end_of_record
TN:
SF:src\event\Event.ts
FN:5,(anonymous_0)
FNF:1
FNH:1
FNDA:4,(anonymous_0)
DA:1,2
DA:7,4
LF:2
LH:2
BRF:0
BRH:0
end_of_record
TN:
SF:src\event\EventDispatcher.ts
FN:4,(anonymous_0)
FN:8,(anonymous_1)
FN:20,(anonymous_2)
FN:31,(anonymous_3)
FN:40,(anonymous_4)
FNF:5
FNH:4
FNDA:2,(anonymous_0)
FNDA:2,(anonymous_1)
FNDA:1,(anonymous_2)
FNDA:2,(anonymous_3)
FNDA:0,(anonymous_4)
DA:1,1
DA:4,1
DA:6,2
DA:10,2
DA:11,2
DA:13,2
DA:14,2
DA:16,2
DA:17,2
DA:22,1
DA:24,1
DA:26,1
DA:33,2
DA:34,2
DA:36,2
DA:42,0
LF:16
LH:15
BRDA:8,0,0,2
BRDA:11,1,0,2
BRDA:24,2,0,1
BRDA:34,3,0,2
BRF:4
BRH:4
end_of_record
TN:
SF:src\mediator\GameMediator.ts
FN:16,(anonymous_0)
FN:35,(anonymous_1)
FN:43,(anonymous_2)
FN:45,(anonymous_3)
FN:47,(anonymous_4)
FN:52,(anonymous_5)
FN:57,(anonymous_6)
FN:59,(anonymous_7)
FN:62,(anonymous_8)
FNF:9
FNH:9
FNDA:4,(anonymous_0)
FNDA:5,(anonymous_1)
FNDA:4,(anonymous_2)
FNDA:1,(anonymous_3)
FNDA:1,(anonymous_4)
FNDA:1,(anonymous_5)
FNDA:1,(anonymous_6)
FNDA:1,(anonymous_7)
FNDA:20,(anonymous_8)
DA:7,1
DA:14,4
DA:23,4
DA:25,4
DA:26,4
DA:28,4
DA:29,4
DA:30,4
DA:32,4
DA:37,5
DA:39,5
DA:45,4
DA:47,4
DA:49,1
DA:52,4
DA:54,1
DA:57,4
DA:59,4
DA:64,20
LF:19
LH:19
BRDA:37,0,0,5
BRF:1
BRH:1
end_of_record
TN:
SF:src\observer\Player.ts
FN:9,(anonymous_0)
FN:14,(anonymous_1)
FN:20,(anonymous_2)
FN:31,(anonymous_3)
FN:36,(anonymous_4)
FN:41,(anonymous_5)
FN:43,(anonymous_6)
FN:46,(anonymous_7)
FN:48,(anonymous_8)
FNF:9
FNH:9
FNDA:8,(anonymous_0)
FNDA:5,(anonymous_1)
FNDA:3,(anonymous_2)
FNDA:2,(anonymous_3)
FNDA:6,(anonymous_4)
FNDA:1,(anonymous_5)
FNDA:1,(anonymous_6)
FNDA:7,(anonymous_7)
FNDA:7,(anonymous_8)
DA:4,1
DA:7,8
DA:11,8
DA:16,5
DA:17,5
DA:22,3
DA:24,2
DA:25,2
DA:26,2
DA:28,1
DA:33,2
DA:38,6
DA:43,1
DA:48,7
LF:14
LH:14
BRDA:22,0,0,2
BRF:1
BRH:1
end_of_record
TN:
SF:src\reels\SlotMachine.ts
FN:8,(anonymous_0)
FN:13,(anonymous_1)
FN:15,(anonymous_2)
FN:17,(anonymous_3)
FN:19,(anonymous_4)
FN:23,(anonymous_5)
FN:25,(anonymous_6)
FN:28,(anonymous_7)
FN:30,(anonymous_8)
FN:33,(anonymous_9)
FN:37,(anonymous_10)
FNF:11
FNH:9
FNDA:1,(anonymous_0)
FNDA:2,(anonymous_1)
FNDA:6,(anonymous_2)
FNDA:1,(anonymous_3)
FNDA:3,(anonymous_4)
FNDA:0,(anonymous_5)
FNDA:0,(anonymous_6)
FNDA:2,(anonymous_7)
FNDA:6,(anonymous_8)
FNDA:2,(anonymous_9)
FNDA:5,(anonymous_10)
DA:4,1
DA:10,1
DA:15,6
DA:17,2
DA:19,3
DA:25,0
DA:30,6
DA:35,2
DA:37,5
DA:39,1
DA:42,1
LF:11
LH:10
BRDA:37,0,0,1
BRF:1
BRH:1
end_of_record
TN:
SF:src\reels\SlotMachineManager.ts
FN:7,(anonymous_0)
FN:12,(anonymous_1)
FN:16,(anonymous_2)
FN:26,(anonymous_3)
FNF:4
FNH:4
FNDA:2,(anonymous_0)
FNDA:1,(anonymous_1)
FNDA:1,(anonymous_2)
FNDA:1,(anonymous_3)
DA:3,1
DA:9,2
DA:14,1
DA:16,1
DA:18,1
DA:20,1
DA:21,1
DA:28,1
LF:8
LH:8
BRDA:18,0,0,1
BRF:1
BRH:1
end_of_record
